# JRE version: Java(TM) SE Runtime Environment (8.0_25-b18) (build 1.8.0_25-b18)
# Java VM: Java HotSpot(TM) 64-Bit Server VM (25.25-b02 mixed mode windows-amd64 compressed oops)
Heap:
 PSYoungGen      total 34304K, used 2544K [0x00000000eb580000, 0x00000000f0a80000, 0x0000000100000000)
  eden space 31744K, 0% used [0x00000000eb580000,0x00000000eb580000,0x00000000ed480000)
  from space 2560K, 99% used [0x00000000ed480000,0x00000000ed6fc010,0x00000000ed700000)
  to   space 11776K, 0% used [0x00000000eff00000,0x00000000eff00000,0x00000000f0a80000)
 ParOldGen       total 42496K, used 36196K [0x00000000c2000000, 0x00000000c4980000, 0x00000000eb580000)
  object space 42496K, 85% used [0x00000000c2000000,0x00000000c43592b0,0x00000000c4980000)
 Metaspace       used 5897K, capacity 6504K, committed 6528K, reserved 1056768K
  class space    used 574K, capacity 627K, committed 640K, reserved 1048576K
GC Heap History (10 events):
Event: 2.449 GC heap after
Heap after GC invocations=1 (full 0):
 PSYoungGen      total 18432K, used 2550K [0x00000000eb580000, 0x00000000eca00000, 0x0000000100000000)
  eden space 15872K, 0% used [0x00000000eb580000,0x00000000eb580000,0x00000000ec500000)
  from space 2560K, 99% used [0x00000000ec500000,0x00000000ec77d888,0x00000000ec780000)
  to   space 2560K, 0% used [0x00000000ec780000,0x00000000ec780000,0x00000000eca00000)
 ParOldGen       total 42496K, used 4948K [0x00000000c2000000, 0x00000000c4980000, 0x00000000eb580000)
  object space 42496K, 11% used [0x00000000c2000000,0x00000000c24d5080,0x00000000c4980000)
 Metaspace       used 5632K, capacity 6280K, committed 6528K, reserved 1056768K
  class space    used 568K, capacity 595K, committed 640K, reserved 1048576K
}
Event: 2.582 GC heap before
{Heap before GC invocations=2 (full 0):
 PSYoungGen      total 18432K, used 18422K [0x00000000eb580000, 0x00000000eca00000, 0x0000000100000000)
  eden space 15872K, 100% used [0x00000000eb580000,0x00000000ec500000,0x00000000ec500000)
  from space 2560K, 99% used [0x00000000ec500000,0x00000000ec77d888,0x00000000ec780000)
  to   space 2560K, 0% used [0x00000000ec780000,0x00000000ec780000,0x00000000eca00000)
 ParOldGen       total 42496K, used 4948K [0x00000000c2000000, 0x00000000c4980000, 0x00000000eb580000)
  object space 42496K, 11% used [0x00000000c2000000,0x00000000c24d5080,0x00000000c4980000)
 Metaspace       used 5666K, capacity 6280K, committed 6528K, reserved 1056768K
  class space    used 568K, capacity 595K, committed 640K, reserved 1048576K
Event: 2.599 GC heap after
Heap after GC invocations=2 (full 0):
 PSYoungGen      total 18432K, used 2544K [0x00000000eb580000, 0x00000000ed980000, 0x0000000100000000)
  eden space 15872K, 0% used [0x00000000eb580000,0x00000000eb580000,0x00000000ec500000)
  from space 2560K, 99% used [0x00000000ec780000,0x00000000ec9fc020,0x00000000eca00000)
  to   space 2560K, 0% used [0x00000000ec500000,0x00000000ec500000,0x00000000ec780000)
 ParOldGen       total 42496K, used 13640K [0x00000000c2000000, 0x00000000c4980000, 0x00000000eb580000)
  object space 42496K, 32% used [0x00000000c2000000,0x00000000c2d52218,0x00000000c4980000)
 Metaspace       used 5666K, capacity 6280K, committed 6528K, reserved 1056768K
  class space    used 568K, capacity 595K, committed 640K, reserved 1048576K
}
Event: 2.866 GC heap before
{Heap before GC invocations=3 (full 0):
 PSYoungGen      total 18432K, used 18416K [0x00000000eb580000, 0x00000000ed980000, 0x0000000100000000)
  eden space 15872K, 100% used [0x00000000eb580000,0x00000000ec500000,0x00000000ec500000)
  from space 2560K, 99% used [0x00000000ec780000,0x00000000ec9fc020,0x00000000eca00000)
  to   space 2560K, 0% used [0x00000000ec500000,0x00000000ec500000,0x00000000ec780000)
 ParOldGen       total 42496K, used 13640K [0x00000000c2000000, 0x00000000c4980000, 0x00000000eb580000)
  object space 42496K, 32% used [0x00000000c2000000,0x00000000c2d52218,0x00000000c4980000)
 Metaspace       used 5674K, capacity 6280K, committed 6528K, reserved 1056768K
  class space    used 570K, capacity 595K, committed 640K, reserved 1048576K
Event: 2.880 GC heap after
Heap after GC invocations=3 (full 0):
 PSYoungGen      total 18432K, used 2544K [0x00000000eb580000, 0x00000000ed980000, 0x0000000100000000)
  eden space 15872K, 0% used [0x00000000eb580000,0x00000000eb580000,0x00000000ec500000)
  from space 2560K, 99% used [0x00000000ec500000,0x00000000ec77c010,0x00000000ec780000)
  to   space 2560K, 0% used [0x00000000ed700000,0x00000000ed700000,0x00000000ed980000)
 ParOldGen       total 42496K, used 20384K [0x00000000c2000000, 0x00000000c4980000, 0x00000000eb580000)
  object space 42496K, 47% used [0x00000000c2000000,0x00000000c33e8228,0x00000000c4980000)
 Metaspace       used 5674K, capacity 6280K, committed 6528K, reserved 1056768K
  class space    used 570K, capacity 595K, committed 640K, reserved 1048576K
}
Event: 2.929 GC heap before
{Heap before GC invocations=4 (full 0):
 PSYoungGen      total 18432K, used 18416K [0x00000000eb580000, 0x00000000ed980000, 0x0000000100000000)
  eden space 15872K, 100% used [0x00000000eb580000,0x00000000ec500000,0x00000000ec500000)
  from space 2560K, 99% used [0x00000000ec500000,0x00000000ec77c010,0x00000000ec780000)
  to   space 2560K, 0% used [0x00000000ed700000,0x00000000ed700000,0x00000000ed980000)
 ParOldGen       total 42496K, used 20384K [0x00000000c2000000, 0x00000000c4980000, 0x00000000eb580000)
  object space 42496K, 47% used [0x00000000c2000000,0x00000000c33e8228,0x00000000c4980000)
 Metaspace       used 5678K, capacity 6280K, committed 6528K, reserved 1056768K
  class space    used 570K, capacity 595K, committed 640K, reserved 1048576K
Event: 2.949 GC heap after
Heap after GC invocations=4 (full 0):
 PSYoungGen      total 34304K, used 2544K [0x00000000eb580000, 0x00000000ed980000, 0x0000000100000000)
  eden space 31744K, 0% used [0x00000000eb580000,0x00000000eb580000,0x00000000ed480000)
  from space 2560K, 99% used [0x00000000ed700000,0x00000000ed97c010,0x00000000ed980000)
  to   space 2560K, 0% used [0x00000000ed480000,0x00000000ed480000,0x00000000ed700000)
 ParOldGen       total 42496K, used 28982K [0x00000000c2000000, 0x00000000c4980000, 0x00000000eb580000)
  object space 42496K, 68% used [0x00000000c2000000,0x00000000c3c4d838,0x00000000c4980000)
 Metaspace       used 5678K, capacity 6280K, committed 6528K, reserved 1056768K
  class space    used 570K, capacity 595K, committed 640K, reserved 1048576K
}
Event: 5.808 GC heap before
{Heap before GC invocations=5 (full 0):
 PSYoungGen      total 34304K, used 34288K [0x00000000eb580000, 0x00000000ed980000, 0x0000000100000000)
  eden space 31744K, 100% used [0x00000000eb580000,0x00000000ed480000,0x00000000ed480000)
  from space 2560K, 99% used [0x00000000ed700000,0x00000000ed97c010,0x00000000ed980000)
  to   space 2560K, 0% used [0x00000000ed480000,0x00000000ed480000,0x00000000ed700000)
 ParOldGen       total 42496K, used 28982K [0x00000000c2000000, 0x00000000c4980000, 0x00000000eb580000)
  object space 42496K, 68% used [0x00000000c2000000,0x00000000c3c4d838,0x00000000c4980000)
 Metaspace       used 5897K, capacity 6504K, committed 6528K, reserved 1056768K
  class space    used 574K, capacity 627K, committed 640K, reserved 1048576K
Event: 5.834 GC heap after
Heap after GC invocations=5 (full 0):
 PSYoungGen      total 34304K, used 2544K [0x00000000eb580000, 0x00000000f0a80000, 0x0000000100000000)
  eden space 31744K, 0% used [0x00000000eb580000,0x00000000eb580000,0x00000000ed480000)
  from space 2560K, 99% used [0x00000000ed480000,0x00000000ed6fc010,0x00000000ed700000)
  to   space 11776K, 0% used [0x00000000eff00000,0x00000000eff00000,0x00000000f0a80000)
 ParOldGen       total 42496K, used 36196K [0x00000000c2000000, 0x00000000c4980000, 0x00000000eb580000)
  object space 42496K, 85% used [0x00000000c2000000,0x00000000c43592b0,0x00000000c4980000)
 Metaspace       used 5897K, capacity 6504K, committed 6528K, reserved 1056768K
  class space    used 574K, capacity 627K, committed 640K, reserved 1048576K
}
Event: 5.834 GC heap before
{Heap before GC invocations=6 (full 1):
 PSYoungGen      total 34304K, used 2544K [0x00000000eb580000, 0x00000000f0a80000, 0x0000000100000000)
  eden space 31744K, 0% used [0x00000000eb580000,0x00000000eb580000,0x00000000ed480000)
  from space 2560K, 99% used [0x00000000ed480000,0x00000000ed6fc010,0x00000000ed700000)
  to   space 11776K, 0% used [0x00000000eff00000,0x00000000eff00000,0x00000000f0a80000)
 ParOldGen       total 42496K, used 36196K [0x00000000c2000000, 0x00000000c4980000, 0x00000000eb580000)
  object space 42496K, 85% used [0x00000000c2000000,0x00000000c43592b0,0x00000000c4980000)
 Metaspace       used 5897K, capacity 6504K, committed 6528K, reserved 1056768K
  class space    used 574K, capacity 627K, committed 640K, reserved 1048576K

